19:53:10 **** Build of configuration Debug for project STM32_TungNHS ****
make -j20 all 
arm-none-eabi-gcc -mcpu=cortex-m4 -g3 -DDEBUG -c -x assembler-with-cpp -MMD -MP -MF"Startup/startup_stm32f407vgtx.d" -MT"Startup/startup_stm32f407vgtx.o" --specs=nano.specs -mfpu=fpv4-sp-d16 -mfloat-abi=hard -mthumb -o "Startup/startup_stm32f407vgtx.o" "../Startup/startup_stm32f407vgtx.s"
arm-none-eabi-gcc "../Src/main.c" -mcpu=cortex-m4 -std=gnu11 -g3 -DDEBUG -DSTM32 -DSTM32F4 -DSTM32F407VGTx -c -I../Inc -O0 -ffunction-sections -fdata-sections -Wall -fstack-usage -fcyclomatic-complexity -MMD -MP -MF"Src/main.d" -MT"Src/main.o" --specs=nano.specs -mfpu=fpv4-sp-d16 -mfloat-abi=hard -mthumb -o "Src/main.o"
arm-none-eabi-gcc "../Src/syscalls.c" -mcpu=cortex-m4 -std=gnu11 -g3 -DDEBUG -DSTM32 -DSTM32F4 -DSTM32F407VGTx -c -I../Inc -O0 -ffunction-sections -fdata-sections -Wall -fstack-usage -fcyclomatic-complexity -MMD -MP -MF"Src/syscalls.d" -MT"Src/syscalls.o" --specs=nano.specs -mfpu=fpv4-sp-d16 -mfloat-abi=hard -mthumb -o "Src/syscalls.o"
arm-none-eabi-gcc "../Src/sysmem.c" -mcpu=cortex-m4 -std=gnu11 -g3 -DDEBUG -DSTM32 -DSTM32F4 -DSTM32F407VGTx -c -I../Inc -O0 -ffunction-sections -fdata-sections -Wall -fstack-usage -fcyclomatic-complexity -MMD -MP -MF"Src/sysmem.d" -MT"Src/sysmem.o" --specs=nano.specs -mfpu=fpv4-sp-d16 -mfloat-abi=hard -mthumb -o "Src/sysmem.o"
../Src/main.c:20:10: fatal error: stm32f4.h: No such file or directory
   20 | #include <stm32f4.h>
      |          ^~~~~~~~~~~
compilation terminated.
make: *** [Src/subdir.mk:25: Src/main.o] Error 1
make: *** Waiting for unfinished jobs....
"make -j20 all" terminated with exit code 2. Build might be incomplete.
19:54:04 **** Incremental Build of configuration Debug for project STM32_TungNHS ****
make -j20 all 
arm-none-eabi-gcc "../Src/main.c" -mcpu=cortex-m4 -std=gnu11 -g3 -DDEBUG -DSTM32 -DSTM32F4 -DSTM32F407VGTx -c -I../Inc -I"D:/Learning/STM32_Legacy/STM32F407VG-Legacy_Learning/Workplaces/STM32_TungNHS/Drivers/Inc" -O0 -ffunction-sections -fdata-sections -Wall -fstack-usage -fcyclomatic-complexity -MMD -MP -MF"Src/main.d" -MT"Src/main.o" --specs=nano.specs -mfpu=fpv4-sp-d16 -mfloat-abi=hard -mthumb -o "Src/main.o"
arm-none-eabi-gcc "../Src/syscalls.c" -mcpu=cortex-m4 -std=gnu11 -g3 -DDEBUG -DSTM32 -DSTM32F4 -DSTM32F407VGTx -c -I../Inc -I"D:/Learning/STM32_Legacy/STM32F407VG-Legacy_Learning/Workplaces/STM32_TungNHS/Drivers/Inc" -O0 -ffunction-sections -fdata-sections -Wall -fstack-usage -fcyclomatic-complexity -MMD -MP -MF"Src/syscalls.d" -MT"Src/syscalls.o" --specs=nano.specs -mfpu=fpv4-sp-d16 -mfloat-abi=hard -mthumb -o "Src/syscalls.o"
arm-none-eabi-gcc "../Src/sysmem.c" -mcpu=cortex-m4 -std=gnu11 -g3 -DDEBUG -DSTM32 -DSTM32F4 -DSTM32F407VGTx -c -I../Inc -I"D:/Learning/STM32_Legacy/STM32F407VG-Legacy_Learning/Workplaces/STM32_TungNHS/Drivers/Inc" -O0 -ffunction-sections -fdata-sections -Wall -fstack-usage -fcyclomatic-complexity -MMD -MP -MF"Src/sysmem.d" -MT"Src/sysmem.o" --specs=nano.specs -mfpu=fpv4-sp-d16 -mfloat-abi=hard -mthumb -o "Src/sysmem.o"
arm-none-eabi-gcc -o "STM32_TungNHS.elf" @"objects.list"   -mcpu=cortex-m4 -T"D:\Learning\STM32_Legacy\STM32F407VG-Legacy_Learning\Workplaces\STM32_TungNHS\STM32F407VGTX_FLASH.ld" --specs=nosys.specs -Wl,-Map="STM32_TungNHS.map" -Wl,--gc-sections -static --specs=nano.specs -mfpu=fpv4-sp-d16 -mfloat-abi=hard -mthumb -Wl,--start-group -lc -lm -Wl,--end-group
Finished building target: STM32_TungNHS.elf
 
arm-none-eabi-size  STM32_TungNHS.elf 
arm-none-eabi-objdump -h -S STM32_TungNHS.elf  > "STM32_TungNHS.list"
   text	   data	    bss	    dec	    hex	filename
    644	      8	   1568	   2220	    8ac	STM32_TungNHS.elf
Finished building: default.size.stdout
 
Finished building: STM32_TungNHS.list
 
19:56:53 **** Incremental Build of configuration Debug for project STM32_TungNHS ****
make -j20 all 
arm-none-eabi-gcc "../Src/main.c" -mcpu=cortex-m4 -std=gnu11 -g3 -DDEBUG -DSTM32 -DSTM32F4 -DSTM32F407VGTx -c -I../Inc -I"D:/Learning/STM32_Legacy/STM32F407VG-Legacy_Learning/Workplaces/STM32_TungNHS/Drivers/Inc" -O0 -ffunction-sections -fdata-sections -Wall -fstack-usage -fcyclomatic-complexity -MMD -MP -MF"Src/main.d" -MT"Src/main.o" --specs=nano.specs -mfpu=fpv4-sp-d16 -mfloat-abi=hard -mthumb -o "Src/main.o"
In file included from ../Src/main.c:20:
D:/Learning/STM32_Legacy/STM32F407VG-Legacy_Learning/Workplaces/STM32_TungNHS/Drivers/Inc/stm32f407xx.h:616:10: fatal error: stm32f407xx_gpio_driver.h: No such file or directory
  616 | #include "stm32f407xx_gpio_driver.h"
      |          ^~~~~~~~~~~~~~~~~~~~~~~~~~~
compilation terminated.
make: *** [Src/subdir.mk:25: Src/main.o] Error 1
"make -j20 all" terminated with exit code 2. Build might be incomplete.
19:57:25 **** Incremental Build of configuration Debug for project STM32_TungNHS ****
make -j20 all 
arm-none-eabi-gcc "../Src/main.c" -mcpu=cortex-m4 -std=gnu11 -g3 -DDEBUG -DSTM32 -DSTM32F4 -DSTM32F407VGTx -c -I../Inc -I"D:/Learning/STM32_Legacy/STM32F407VG-Legacy_Learning/Workplaces/STM32_TungNHS/Drivers/Inc" -O0 -ffunction-sections -fdata-sections -Wall -fstack-usage -fcyclomatic-complexity -MMD -MP -MF"Src/main.d" -MT"Src/main.o" --specs=nano.specs -mfpu=fpv4-sp-d16 -mfloat-abi=hard -mthumb -o "Src/main.o"
arm-none-eabi-gcc -o "STM32_TungNHS.elf" @"objects.list"   -mcpu=cortex-m4 -T"D:\Learning\STM32_Legacy\STM32F407VG-Legacy_Learning\Workplaces\STM32_TungNHS\STM32F407VGTX_FLASH.ld" --specs=nosys.specs -Wl,-Map="STM32_TungNHS.map" -Wl,--gc-sections -static --specs=nano.specs -mfpu=fpv4-sp-d16 -mfloat-abi=hard -mthumb -Wl,--start-group -lc -lm -Wl,--end-group
Finished building target: STM32_TungNHS.elf
 
arm-none-eabi-size  STM32_TungNHS.elf 
arm-none-eabi-objdump -h -S STM32_TungNHS.elf  > "STM32_TungNHS.list"
   text	   data	    bss	    dec	    hex	filename
    644	      8	   1568	   2220	    8ac	STM32_TungNHS.elf
Finished building: default.size.stdout
 
Finished building: STM32_TungNHS.list
 
